<?xml version="1.0" encoding="UTF-8"?>
<testsuite name="com.trial.BlogApplicationTests" tests="1" skipped="0" failures="0" errors="0" timestamp="2016-06-28T23:55:15" hostname="MARKs-MacBook-Pro-3.local" time="0.008">
  <properties/>
  <testcase name="contextLoads" classname="com.trial.BlogApplicationTests" time="0.008"/>
  <system-out><![CDATA[18:55:08.529 [Test worker] DEBUG org.springframework.test.context.junit4.SpringJUnit4ClassRunner - SpringJUnit4ClassRunner constructor called with [class com.trial.BlogApplicationTests]
18:55:08.534 [Test worker] DEBUG org.springframework.test.context.BootstrapUtils - Instantiating CacheAwareContextLoaderDelegate from class [org.springframework.test.context.cache.DefaultCacheAwareContextLoaderDelegate]
18:55:08.541 [Test worker] DEBUG org.springframework.test.context.BootstrapUtils - Instantiating BootstrapContext using constructor [public org.springframework.test.context.support.DefaultBootstrapContext(java.lang.Class,org.springframework.test.context.CacheAwareContextLoaderDelegate)]
18:55:08.552 [Test worker] DEBUG org.springframework.test.context.BootstrapUtils - Instantiating TestContextBootstrapper for test class [com.trial.BlogApplicationTests] from class [org.springframework.test.context.web.WebTestContextBootstrapper]
18:55:08.576 [Test worker] DEBUG org.springframework.test.context.web.WebTestContextBootstrapper - Found explicit ContextLoader class [org.springframework.boot.test.SpringApplicationContextLoader] for context configuration attributes [ContextConfigurationAttributes@6351ac75 declaringClass = 'com.trial.BlogApplicationTests', classes = '{class com.trial.BlogApplication}', locations = '{}', inheritLocations = true, initializers = '{}', inheritInitializers = true, name = [null], contextLoaderClass = 'org.springframework.boot.test.SpringApplicationContextLoader']
18:55:08.587 [Test worker] DEBUG org.springframework.test.context.support.AbstractContextLoader - Did not detect default resource location for test class [com.trial.BlogApplicationTests]: class path resource [com/trial/BlogApplicationTests-context.xml] does not exist
18:55:08.587 [Test worker] DEBUG org.springframework.test.context.support.AbstractContextLoader - Did not detect default resource location for test class [com.trial.BlogApplicationTests]: class path resource [com/trial/BlogApplicationTestsContext.groovy] does not exist
18:55:08.588 [Test worker] INFO org.springframework.test.context.support.AbstractContextLoader - Could not detect default resource locations for test class [com.trial.BlogApplicationTests]: no resource found for suffixes {-context.xml, Context.groovy}.
18:55:08.590 [Test worker] DEBUG org.springframework.test.context.support.ActiveProfilesUtils - Could not find an 'annotation declaring class' for annotation type [org.springframework.test.context.ActiveProfiles] and class [com.trial.BlogApplicationTests]
18:55:08.596 [Test worker] DEBUG org.springframework.test.context.web.WebTestContextBootstrapper - @TestExecutionListeners is not present for class [com.trial.BlogApplicationTests]: using defaults.
18:55:08.606 [Test worker] INFO org.springframework.test.context.web.WebTestContextBootstrapper - Loaded default TestExecutionListener class names from location [META-INF/spring.factories]: [org.springframework.test.context.web.ServletTestExecutionListener, org.springframework.test.context.support.DirtiesContextBeforeModesTestExecutionListener, org.springframework.test.context.support.DependencyInjectionTestExecutionListener, org.springframework.test.context.support.DirtiesContextTestExecutionListener, org.springframework.test.context.transaction.TransactionalTestExecutionListener, org.springframework.test.context.jdbc.SqlScriptsTestExecutionListener]
18:55:08.630 [Test worker] INFO org.springframework.test.context.web.WebTestContextBootstrapper - Using TestExecutionListeners: [org.springframework.test.context.web.ServletTestExecutionListener@3af6c8e1, org.springframework.test.context.support.DirtiesContextBeforeModesTestExecutionListener@47fa5be5, org.springframework.test.context.support.DependencyInjectionTestExecutionListener@4f6524d4, org.springframework.test.context.support.DirtiesContextTestExecutionListener@3885a405, org.springframework.test.context.transaction.TransactionalTestExecutionListener@3438c234, org.springframework.test.context.jdbc.SqlScriptsTestExecutionListener@21088225]
18:55:08.634 [Test worker] DEBUG org.springframework.test.annotation.ProfileValueUtils - Retrieved @ProfileValueSourceConfiguration [null] for test class [com.trial.BlogApplicationTests]
18:55:08.635 [Test worker] DEBUG org.springframework.test.annotation.ProfileValueUtils - Retrieved ProfileValueSource type [class org.springframework.test.annotation.SystemProfileValueSource] for class [com.trial.BlogApplicationTests]
18:55:08.637 [Test worker] DEBUG org.springframework.test.annotation.ProfileValueUtils - Retrieved @ProfileValueSourceConfiguration [null] for test class [com.trial.BlogApplicationTests]
18:55:08.637 [Test worker] DEBUG org.springframework.test.annotation.ProfileValueUtils - Retrieved ProfileValueSource type [class org.springframework.test.annotation.SystemProfileValueSource] for class [com.trial.BlogApplicationTests]
18:55:08.641 [Test worker] DEBUG org.springframework.test.context.support.AbstractDirtiesContextTestExecutionListener - Before test class: context [DefaultTestContext@38afb5fc testClass = BlogApplicationTests, testInstance = [null], testMethod = [null], testException = [null], mergedContextConfiguration = [WebMergedContextConfiguration@3565280 testClass = BlogApplicationTests, locations = '{}', classes = '{class com.trial.BlogApplication}', contextInitializerClasses = '[]', activeProfiles = '{}', propertySourceLocations = '{}', propertySourceProperties = '{}', resourceBasePath = 'src/main/webapp', contextLoader = 'org.springframework.boot.test.SpringApplicationContextLoader', parent = [null]]], class annotated with @DirtiesContext [false] with mode [null].
18:55:08.642 [Test worker] DEBUG org.springframework.test.annotation.ProfileValueUtils - Retrieved @ProfileValueSourceConfiguration [null] for test class [com.trial.BlogApplicationTests]
18:55:08.642 [Test worker] DEBUG org.springframework.test.annotation.ProfileValueUtils - Retrieved ProfileValueSource type [class org.springframework.test.annotation.SystemProfileValueSource] for class [com.trial.BlogApplicationTests]
18:55:08.713 [Test worker] DEBUG org.springframework.core.env.StandardEnvironment - Adding [systemProperties] PropertySource with lowest search precedence
18:55:08.715 [Test worker] DEBUG org.springframework.core.env.StandardEnvironment - Adding [systemEnvironment] PropertySource with lowest search precedence
18:55:08.716 [Test worker] DEBUG org.springframework.core.env.StandardEnvironment - Initialized StandardEnvironment with PropertySources [systemProperties,systemEnvironment]
18:55:08.717 [Test worker] DEBUG org.springframework.core.env.StandardEnvironment - Adding [integrationTest] PropertySource with search precedence immediately lower than [systemEnvironment]

  .   ____          _            __ _ _
 /\\ / ___'_ __ _ _(_)_ __  __ _ \ \ \ \
( ( )\___ | '_ | '_| | '_ \/ _` | \ \ \ \
 \\/  ___)| |_)| | | | | || (_| |  ) ) ) )
  '  |____| .__|_| |_|_| |_\__, | / / / /
 =========|_|==============|___/=/_/_/_/
 :: Spring Boot ::        (v1.3.5.RELEASE)

2016-06-28 18:55:09.398  INFO 6608 --- [    Test worker] com.trial.BlogApplicationTests           : Starting BlogApplicationTests on MARKs-MacBook-Pro-3.local with PID 6608 (/Users/markducommun/src/blog/build/classes/test started by markducommun in /Users/markducommun/src/blog)
2016-06-28 18:55:09.399  INFO 6608 --- [    Test worker] com.trial.BlogApplicationTests           : No active profile set, falling back to default profiles: default
2016-06-28 18:55:09.483  INFO 6608 --- [    Test worker] o.s.w.c.s.GenericWebApplicationContext   : Refreshing org.springframework.web.context.support.GenericWebApplicationContext@6ed6eec8: startup date [Tue Jun 28 18:55:09 CDT 2016]; root of context hierarchy
2016-06-28 18:55:11.358  INFO 6608 --- [    Test worker] trationDelegate$BeanPostProcessorChecker : Bean 'org.springframework.transaction.annotation.ProxyTransactionManagementConfiguration' of type [class org.springframework.transaction.annotation.ProxyTransactionManagementConfiguration$$EnhancerBySpringCGLIB$$a5879238] is not eligible for getting processed by all BeanPostProcessors (for example: not eligible for auto-proxying)
2016-06-28 18:55:12.291  INFO 6608 --- [    Test worker] j.LocalContainerEntityManagerFactoryBean : Building JPA container EntityManagerFactory for persistence unit 'default'
2016-06-28 18:55:12.332  INFO 6608 --- [    Test worker] o.hibernate.jpa.internal.util.LogHelper  : HHH000204: Processing PersistenceUnitInfo [
	name: default
	...]
2016-06-28 18:55:12.471  INFO 6608 --- [    Test worker] org.hibernate.Version                    : HHH000412: Hibernate Core {4.3.11.Final}
2016-06-28 18:55:12.474  INFO 6608 --- [    Test worker] org.hibernate.cfg.Environment            : HHH000206: hibernate.properties not found
2016-06-28 18:55:12.478  INFO 6608 --- [    Test worker] org.hibernate.cfg.Environment            : HHH000021: Bytecode provider name : javassist
2016-06-28 18:55:12.839  INFO 6608 --- [    Test worker] o.hibernate.annotations.common.Version   : HCANN000001: Hibernate Commons Annotations {4.0.5.Final}
2016-06-28 18:55:12.997  INFO 6608 --- [    Test worker] org.hibernate.dialect.Dialect            : HHH000400: Using dialect: org.hibernate.dialect.H2Dialect
2016-06-28 18:55:13.101  INFO 6608 --- [    Test worker] o.h.h.i.ast.ASTQueryTranslatorFactory    : HHH000397: Using ASTQueryTranslatorFactory
2016-06-28 18:55:13.284  INFO 6608 --- [    Test worker] org.hibernate.tool.hbm2ddl.SchemaExport  : HHH000227: Running hbm2ddl schema export
2016-06-28 18:55:13.286  INFO 6608 --- [    Test worker] org.hibernate.tool.hbm2ddl.SchemaExport  : HHH000230: Schema export complete
2016-06-28 18:55:14.783  INFO 6608 --- [    Test worker] s.w.s.m.m.a.RequestMappingHandlerAdapter : Looking for @ControllerAdvice: org.springframework.web.context.support.GenericWebApplicationContext@6ed6eec8: startup date [Tue Jun 28 18:55:09 CDT 2016]; root of context hierarchy
2016-06-28 18:55:14.923  INFO 6608 --- [    Test worker] s.w.s.m.m.a.RequestMappingHandlerMapping : Mapped "{[/error]}" onto public org.springframework.http.ResponseEntity<java.util.Map<java.lang.String, java.lang.Object>> org.springframework.boot.autoconfigure.web.BasicErrorController.error(javax.servlet.http.HttpServletRequest)
2016-06-28 18:55:14.924  INFO 6608 --- [    Test worker] s.w.s.m.m.a.RequestMappingHandlerMapping : Mapped "{[/error],produces=[text/html]}" onto public org.springframework.web.servlet.ModelAndView org.springframework.boot.autoconfigure.web.BasicErrorController.errorHtml(javax.servlet.http.HttpServletRequest,javax.servlet.http.HttpServletResponse)
2016-06-28 18:55:14.971  INFO 6608 --- [    Test worker] o.s.w.s.handler.SimpleUrlHandlerMapping  : Mapped URL path [/webjars/**] onto handler of type [class org.springframework.web.servlet.resource.ResourceHttpRequestHandler]
2016-06-28 18:55:14.971  INFO 6608 --- [    Test worker] o.s.w.s.handler.SimpleUrlHandlerMapping  : Mapped URL path [/**] onto handler of type [class org.springframework.web.servlet.resource.ResourceHttpRequestHandler]
2016-06-28 18:55:15.021  INFO 6608 --- [    Test worker] o.s.w.s.handler.SimpleUrlHandlerMapping  : Mapped URL path [/**/favicon.ico] onto handler of type [class org.springframework.web.servlet.resource.ResourceHttpRequestHandler]
2016-06-28 18:55:15.447  INFO 6608 --- [    Test worker] com.trial.BlogApplicationTests           : Started BlogApplicationTests in 6.72 seconds (JVM running for 7.568)
]]></system-out>
  <system-err><![CDATA[]]></system-err>
</testsuite>
